p/cat.64.jpg 1 0 0 500 374
p/cat.65.jpg 1 0 0 499 375
p/cat.66.jpg 1 0 0 499 382
p/cat.67.jpg 1 0 0 500 374
p/cat.68.jpg 1 0 0 249 181
p/cat.69.jpg 1 0 0 500 374
p/cat.7.jpg 1 0 0 495 499
p/cat.70.jpg 1 0 0 499 375
p/cat.71.jpg 1 0 0 499 417
p/cat.72.jpg 1 0 0 480 332
p/cat.73.jpg 1 0 0 499 375
p/cat.74.jpg 1 0 0 200 186
p/cat.75.jpg 1 0 0 495 396
p/cat.76.jpg 1 0 0 499 258
p/cat.77.jpg 1 0 0 350 232
p/cat.78.jpg 1 0 0 499 499
p/cat.79.jpg 1 0 0 499 346
p/cat.8.jpg 1 0 0 461 345
p/cat.80.jpg 1 0 0 319 234
p/cat.81.jpg 1 0 0 499 375
p/cat.82.jpg 1 0 0 500 332
p/cat.83.jpg 1 0 0 498 374
p/cat.84.jpg 1 0 0 426 286
p/cat.85.jpg 1 0 0 447 336
p/cat.86.jpg 1 0 0 499 493
p/cat.87.jpg 1 0 0 499 375
p/cat.88.jpg 1 0 0 399 267
p/cat.89.jpg 1 0 0 499 493
p/cat.9.jpg 1 0 0 320 425
p/cat.90.jpg 1 0 0 447 336
p/cat.91.jpg 1 0 0 499 375
p/cat.92.jpg 1 0 0 499 375
p/cat.93.jpg 1 0 0 345 346
p/cat.94.jpg 1 0 0 349 345
p/cat.95.jpg 1 0 0 319 239
p/cat.96.jpg 1 0 0 500 374
p/cat.97.jpg 1 0 0 499 374
p/cat.98.jpg 1 0 0 472 378
p/cat.99.jpg 1 0 0 225 175
p/cat.32.jpg 1 0 0 500 374
p/cat.33.jpg 1 0 0 499 375
p/cat.34.jpg 1 0 0 375 499
p/cat.35.jpg 1 0 0 499 426
p/cat.36.jpg 1 0 0 500 311
p/cat.37.jpg 1 0 0 499 337
p/cat.38.jpg 1 0 0 350 337
p/cat.39.jpg 1 0 0 374 500
p/cat.4.jpg 1 0 0 499 375
p/cat.40.jpg 1 0 0 499 383
p/cat.41.jpg 1 0 0 333 499
p/cat.42.jpg 1 0 0 237 173
p/cat.43.jpg 1 0 0 356 500
p/cat.44.jpg 1 0 0 107 102
p/cat.45.jpg 1 0 0 500 370
p/cat.46.jpg 1 0 0 400 433
p/cat.47.jpg 1 0 0 258 214
p/cat.48.jpg 1 0 0 139 93
p/cat.49.jpg 1 0 0 180 129
p/cat.5.jpg 1 0 0 175 144
p/cat.50.jpg 1 0 0 299 196
p/cat.51.jpg 1 0 0 256 473
p/cat.52.jpg 1 0 0 399 300
p/cat.53.jpg 1 0 0 492 457
p/cat.54.jpg 1 0 0 500 499
p/cat.55.jpg 1 0 0 344 500
p/cat.56.jpg 1 0 0 499 332
p/cat.57.jpg 1 0 0 335 291
p/cat.58.jpg 1 0 0 499 375
p/cat.59.jpg 1 0 0 464 331
p/cat.6.jpg 1 0 0 400 303
p/cat.60.jpg 1 0 0 180 176
p/cat.61.jpg 1 0 0 328 226
p/cat.62.jpg 1 0 0 500 377
p/cat.63.jpg 1 0 0 500 374
p/cat.22.jpg 1 0 0 500 345
p/cat.23.jpg 1 0 0 334 256
p/cat.24.jpg 1 0 0 500 374
p/cat.25.jpg 1 0 0 345 500
p/cat.26.jpg 1 0 0 500 374
p/cat.27.jpg 1 0 0 370 479
p/cat.28.jpg 1 0 0 286 270
p/cat.29.jpg 1 0 0 499 375
p/cat.3.jpg 1 0 0 500 414
p/cat.30.jpg 1 0 0 349 262
p/cat.31.jpg 1 0 0 500 374
p/cat.112.jpg 1 0 0 500 374
p/cat.113.jpg 1 0 0 409 308
p/cat.114.jpg 1 0 0 350 261
p/cat.115.jpg 1 0 0 231 270
p/cat.116.jpg 1 0 0 499 375
p/cat.117.jpg 1 0 0 390 357
p/cat.118.jpg 1 0 0 500 374
p/cat.119.jpg 1 0 0 410 307
p/cat.12.jpg 1 0 0 300 224
p/cat.120.jpg 1 0 0 500 374
p/cat.121.jpg 1 0 0 267 409
p/cat.122.jpg 1 0 0 372 499
p/cat.123.jpg 1 0 0 345 272
p/cat.124.jpg 1 0 0 499 375
p/cat.125.jpg 1 0 0 499 480
p/cat.126.jpg 1 0 0 406 306
p/cat.127.jpg 1 0 0 360 269
p/cat.128.jpg 1 0 0 500 374
p/cat.129.jpg 1 0 0 500 336
p/cat.13.jpg 1 0 0 499 315
p/cat.130.jpg 1 0 0 422 500
p/cat.131.jpg 1 0 0 499 375
p/cat.132.jpg 1 0 0 499 336
p/cat.133.jpg 1 0 0 500 374
p/cat.134.jpg 1 0 0 500 374
p/cat.135.jpg 1 0 0 480 457
p/cat.136.jpg 1 0 0 499 372
p/cat.137.jpg 1 0 0 390 500
p/cat.138.jpg 1 0 0 277 320
p/cat.139.jpg 1 0 0 499 303
p/cat.14.jpg 1 0 0 320 267
p/cat.140.jpg 1 0 0 252 265
p/cat.141.jpg 1 0 0 500 374
p/cat.142.jpg 1 0 0 369 498
p/cat.143.jpg 1 0 0 374 500
p/cat.144.jpg 1 0 0 499 375
p/cat.145.jpg 1 0 0 320 478
p/cat.146.jpg 1 0 0 80 119
p/cat.147.jpg 1 0 0 400 299
p/cat.148.jpg 1 0 0 320 239
p/cat.149.jpg 1 0 0 470 499
p/cat.15.jpg 1 0 0 405 353
p/cat.150.jpg 1 0 0 499 375
p/cat.16.jpg 1 0 0 448 258
p/cat.17.jpg 1 0 0 499 375
p/cat.18.jpg 1 0 0 500 374
p/cat.19.jpg 1 0 0 320 223
p/cat.2.jpg 1 0 0 312 396
p/cat.20.jpg 1 0 0 500 374
p/cat.21.jpg 1 0 0 431 499
p/cat.1.jpg 1 0 0 300 280
p/cat.10.jpg 1 0 0 489 499
p/cat.100.jpg 1 0 0 403 499
p/cat.101.jpg 1 0 0 296 200
p/cat.102.jpg 1 0 0 349 343
p/cat.103.jpg 1 0 0 500 386
p/cat.104.jpg 1 0 0 253 399
p/cat.105.jpg 1 0 0 215 174
p/cat.106.jpg 1 0 0 400 374
p/cat.107.jpg 1 0 0 499 350
p/cat.108.jpg 1 0 0 499 332
p/cat.109.jpg 1 0 0 500 374
p/cat.11.jpg 1 0 0 431 410
p/cat.110.jpg 1 0 0 374 500
p/cat.111.jpg 1 0 0 299 356